<?xml version="1.0" encoding="UTF-8"?>
<!-- Generated by org.testng.reporters.JUnitReportReporter -->
<testsuite skipped="0" hostname="MSI-GT60" name="cl.usach.mingesoft.ChromeTest" tests="3" failures="0" timestamp="2019-10-02T23:41:05 CLST" time="4.065" errors="0">
  <testcase name="crearPostulanteFront" time="3.359" classname="cl.usach.mingesoft.ChromeTest"/>
  <testcase name="iraCrear" time="0.379" classname="cl.usach.mingesoft.ChromeTest"/>
  <testcase name="iraListado" time="0.327" classname="cl.usach.mingesoft.ChromeTest"/>
</testsuite> <!-- cl.usach.mingesoft.ChromeTest -->
